{"name": "Validate Invalid Form Submission -- @1.4 ", "status": "broken", "statusDetails": {"message": "selenium.common.exceptions.InvalidSessionIdException: Message: invalid session id\nStacktrace:\n\tGetHandleVerifier [0x00007FF644B482B2+55298]\n\t(No symbol) [0x00007FF644AB5E02]\n\t(No symbol) [0x00007FF64497045D]\n\t(No symbol) [0x00007FF6449A61DD]\n\t(No symbol) [0x00007FF6449D1FA2]\n\t(No symbol) [0x00007FF6449CDDE9]\n\t(No symbol) [0x00007FF6449CD766]\n\t(No symbol) [0x00007FF6449462F1]\n\tGetHandleVerifier [0x00007FF644EC0AAB+3694587]\n\tGetHandleVerifier [0x00007FF644F1728E+4048862]\n\tGetHandleVerifier [0x00007FF644F0F173+4015811]\n\tGetHandleVerifier [0x00007FF644BE47D6+695590]\n\t(No symbol) [0x00007FF644AC0CE8]\n\t(No symbol) [0x00007FF644945157]\n\tGetHandleVerifier [0x00007FF644F59818+4320616]\n\tBaseThreadInitThunk [0x00007FFD2644257D+29]\n\tRtlUserThreadStart [0x00007FFD2686AA58+40]\n\n", "trace": "  File \"C:\\Users\\ivich\\AppData\\Local\\Programs\\Python\\Python312\\Lib\\site-packages\\behave\\model.py\", line 1329, in run\n    match.run(runner.context)\n  File \"C:\\Users\\ivich\\AppData\\Local\\Programs\\Python\\Python312\\Lib\\site-packages\\behave\\matchers.py\", line 98, in run\n    self.func(context, *args, **kwargs)\n  File \"features\\steps\\register.py\", line 58, in step_impl\n    context.driver.close()\n  File \"C:\\Users\\ivich\\AppData\\Local\\Programs\\Python\\Python312\\Lib\\site-packages\\selenium\\webdriver\\remote\\webdriver.py\", line 458, in close\n    self.execute(Command.CLOSE)\n  File \"C:\\Users\\ivich\\AppData\\Local\\Programs\\Python\\Python312\\Lib\\site-packages\\selenium\\webdriver\\remote\\webdriver.py\", line 347, in execute\n    self.error_handler.check_response(response)\n  File \"C:\\Users\\ivich\\AppData\\Local\\Programs\\Python\\Python312\\Lib\\site-packages\\selenium\\webdriver\\remote\\errorhandler.py\", line 229, in check_response\n    raise exception_class(message, screen, stacktrace)\n"}, "steps": [{"name": "Given Chrome browser is Launched", "status": "passed", "start": 1701308888865, "stop": 1701308890295}, {"name": "When Open Toyster Register Account page", "status": "passed", "start": 1701308890295, "stop": 1701308892945}, {"name": "Then Input multiple \"Alice\" and \"Low\" and \"invalid_mail2.com\" and \"BLANK\"", "status": "passed", "start": 1701308892945, "stop": 1701308898472}, {"name": "And Click Create", "status": "passed", "start": 1701308898472, "stop": 1701308903554}, {"name": "Then Navigate to My Account Page", "status": "passed", "start": 1701308903554, "stop": 1701308903690}, {"name": "Then Verify Account is not Created", "status": "broken", "statusDetails": {"message": "selenium.common.exceptions.InvalidSessionIdException: Message: invalid session id\nStacktrace:\n\tGetHandleVerifier [0x00007FF644B482B2+55298]\n\t(No symbol) [0x00007FF644AB5E02]\n\t(No symbol) [0x00007FF64497045D]\n\t(No symbol) [0x00007FF6449A61DD]\n\t(No symbol) [0x00007FF6449D1FA2]\n\t(No symbol) [0x00007FF6449CDDE9]\n\t(No symbol) [0x00007FF6449CD766]\n\t(No symbol) [0x00007FF6449462F1]\n\tGetHandleVerifier [0x00007FF644EC0AAB+3694587]\n\tGetHandleVerifier [0x00007FF644F1728E+4048862]\n\tGetHandleVerifier [0x00007FF644F0F173+4015811]\n\tGetHandleVerifier [0x00007FF644BE47D6+695590]\n\t(No symbol) [0x00007FF644AC0CE8]\n\t(No symbol) [0x00007FF644945157]\n\tGetHandleVerifier [0x00007FF644F59818+4320616]\n\tBaseThreadInitThunk [0x00007FFD2644257D+29]\n\tRtlUserThreadStart [0x00007FFD2686AA58+40]\n\n", "trace": "  File \"C:\\Users\\ivich\\AppData\\Local\\Programs\\Python\\Python312\\Lib\\site-packages\\behave\\model.py\", line 1329, in run\n    match.run(runner.context)\n  File \"C:\\Users\\ivich\\AppData\\Local\\Programs\\Python\\Python312\\Lib\\site-packages\\behave\\matchers.py\", line 98, in run\n    self.func(context, *args, **kwargs)\n  File \"features\\steps\\register.py\", line 58, in step_impl\n    context.driver.close()\n  File \"C:\\Users\\ivich\\AppData\\Local\\Programs\\Python\\Python312\\Lib\\site-packages\\selenium\\webdriver\\remote\\webdriver.py\", line 458, in close\n    self.execute(Command.CLOSE)\n  File \"C:\\Users\\ivich\\AppData\\Local\\Programs\\Python\\Python312\\Lib\\site-packages\\selenium\\webdriver\\remote\\webdriver.py\", line 347, in execute\n    self.error_handler.check_response(response)\n  File \"C:\\Users\\ivich\\AppData\\Local\\Programs\\Python\\Python312\\Lib\\site-packages\\selenium\\webdriver\\remote\\errorhandler.py\", line 229, in check_response\n    raise exception_class(message, screen, stacktrace)\n"}, "start": 1701308903690, "stop": 1701308903742}, {"name": "And Close Chrome browser", "status": "skipped", "start": 1701308903742, "stop": 1701308903742}], "parameters": [{"name": "firstName", "value": "Alice"}, {"name": "lastName", "value": "Low"}, {"name": "email", "value": "invalid_mail2.com"}, {"name": "password", "value": "BLANK"}], "start": 1701308888865, "stop": 1701308903742, "uuid": "e729950e-5949-48c0-a845-15774866af4a", "historyId": "ac739411c42c888f1431b5c40dd66884", "fullName": "Verify User Account Creation: Validate Invalid Form Submission", "labels": [{"name": "severity", "value": "normal"}, {"name": "feature", "value": "Verify User Account Creation"}, {"name": "framework", "value": "behave"}, {"name": "language", "value": "cpython3"}]}