{"name": "Validate Invalid Form Submission -- @1.4 ", "status": "broken", "statusDetails": {"message": "selenium.common.exceptions.ElementNotInteractableException: Message: element not interactable\n  (Session info: chrome=119.0.6045.160)\nStacktrace:\n\tGetHandleVerifier [0x00007FF644B482B2+55298]\n\t(No symbol) [0x00007FF644AB5E02]\n\t(No symbol) [0x00007FF64497045D]\n\t(No symbol) [0x00007FF6449B2B4C]\n\t(No symbol) [0x00007FF6449A87BF]\n\t(No symbol) [0x00007FF6449D20AA]\n\t(No symbol) [0x00007FF6449A80CF]\n\t(No symbol) [0x00007FF6449D22C0]\n\t(No symbol) [0x00007FF6449EAAA4]\n\t(No symbol) [0x00007FF6449D1E83]\n\t(No symbol) [0x00007FF6449A670A]\n\t(No symbol) [0x00007FF6449A7964]\n\tGetHandleVerifier [0x00007FF644EC0AAB+3694587]\n\tGetHandleVerifier [0x00007FF644F1728E+4048862]\n\tGetHandleVerifier [0x00007FF644F0F173+4015811]\n\tGetHandleVerifier [0x00007FF644BE47D6+695590]\n\t(No symbol) [0x00007FF644AC0CE8]\n\t(No symbol) [0x00007FF644ABCF34]\n\t(No symbol) [0x00007FF644ABD062]\n\t(No symbol) [0x00007FF644AAD3A3]\n\tBaseThreadInitThunk [0x00007FFD2644257D+29]\n\tRtlUserThreadStart [0x00007FFD2686AA58+40]\n\n", "trace": "  File \"C:\\Users\\ivich\\AppData\\Local\\Programs\\Python\\Python312\\Lib\\site-packages\\behave\\model.py\", line 1329, in run\n    match.run(runner.context)\n  File \"C:\\Users\\ivich\\AppData\\Local\\Programs\\Python\\Python312\\Lib\\site-packages\\behave\\matchers.py\", line 98, in run\n    self.func(context, *args, **kwargs)\n  File \"features\\steps\\register.py\", line 30, in step_impl\n    context.driver.find_element(\"xpath\", \"//*[@id='StickyNav']//div[@class='customer-login-links sticky-hidden']/a[1]\").click()\n  File \"C:\\Users\\ivich\\AppData\\Local\\Programs\\Python\\Python312\\Lib\\site-packages\\selenium\\webdriver\\remote\\webelement.py\", line 93, in click\n    self._execute(Command.CLICK_ELEMENT)\n  File \"C:\\Users\\ivich\\AppData\\Local\\Programs\\Python\\Python312\\Lib\\site-packages\\selenium\\webdriver\\remote\\webelement.py\", line 394, in _execute\n    return self._parent.execute(command, params)\n           ^^^^^^^^^^^^^^^^^^^^^^^^^^^^^^^^^^^^^\n  File \"C:\\Users\\ivich\\AppData\\Local\\Programs\\Python\\Python312\\Lib\\site-packages\\selenium\\webdriver\\remote\\webdriver.py\", line 347, in execute\n    self.error_handler.check_response(response)\n  File \"C:\\Users\\ivich\\AppData\\Local\\Programs\\Python\\Python312\\Lib\\site-packages\\selenium\\webdriver\\remote\\errorhandler.py\", line 229, in check_response\n    raise exception_class(message, screen, stacktrace)\n"}, "steps": [{"name": "Given Chrome browser is Launched", "status": "passed", "start": 1701298989797, "stop": 1701298991208}, {"name": "When Open Toyster Register Account page", "status": "passed", "start": 1701298991208, "stop": 1701298993947}, {"name": "Then Input multiple \"Alice\" and \"Low\" and \"invalid_mail2.com\" and \"BLANK\"", "status": "passed", "start": 1701298993947, "stop": 1701298999685}, {"name": "And Click Create", "status": "passed", "start": 1701298999685, "stop": 1701299004775}, {"name": "Then Navigate to My Account Page", "status": "broken", "statusDetails": {"message": "selenium.common.exceptions.ElementNotInteractableException: Message: element not interactable\n  (Session info: chrome=119.0.6045.160)\nStacktrace:\n\tGetHandleVerifier [0x00007FF644B482B2+55298]\n\t(No symbol) [0x00007FF644AB5E02]\n\t(No symbol) [0x00007FF64497045D]\n\t(No symbol) [0x00007FF6449B2B4C]\n\t(No symbol) [0x00007FF6449A87BF]\n\t(No symbol) [0x00007FF6449D20AA]\n\t(No symbol) [0x00007FF6449A80CF]\n\t(No symbol) [0x00007FF6449D22C0]\n\t(No symbol) [0x00007FF6449EAAA4]\n\t(No symbol) [0x00007FF6449D1E83]\n\t(No symbol) [0x00007FF6449A670A]\n\t(No symbol) [0x00007FF6449A7964]\n\tGetHandleVerifier [0x00007FF644EC0AAB+3694587]\n\tGetHandleVerifier [0x00007FF644F1728E+4048862]\n\tGetHandleVerifier [0x00007FF644F0F173+4015811]\n\tGetHandleVerifier [0x00007FF644BE47D6+695590]\n\t(No symbol) [0x00007FF644AC0CE8]\n\t(No symbol) [0x00007FF644ABCF34]\n\t(No symbol) [0x00007FF644ABD062]\n\t(No symbol) [0x00007FF644AAD3A3]\n\tBaseThreadInitThunk [0x00007FFD2644257D+29]\n\tRtlUserThreadStart [0x00007FFD2686AA58+40]\n\n", "trace": "  File \"C:\\Users\\ivich\\AppData\\Local\\Programs\\Python\\Python312\\Lib\\site-packages\\behave\\model.py\", line 1329, in run\n    match.run(runner.context)\n  File \"C:\\Users\\ivich\\AppData\\Local\\Programs\\Python\\Python312\\Lib\\site-packages\\behave\\matchers.py\", line 98, in run\n    self.func(context, *args, **kwargs)\n  File \"features\\steps\\register.py\", line 30, in step_impl\n    context.driver.find_element(\"xpath\", \"//*[@id='StickyNav']//div[@class='customer-login-links sticky-hidden']/a[1]\").click()\n  File \"C:\\Users\\ivich\\AppData\\Local\\Programs\\Python\\Python312\\Lib\\site-packages\\selenium\\webdriver\\remote\\webelement.py\", line 93, in click\n    self._execute(Command.CLICK_ELEMENT)\n  File \"C:\\Users\\ivich\\AppData\\Local\\Programs\\Python\\Python312\\Lib\\site-packages\\selenium\\webdriver\\remote\\webelement.py\", line 394, in _execute\n    return self._parent.execute(command, params)\n           ^^^^^^^^^^^^^^^^^^^^^^^^^^^^^^^^^^^^^\n  File \"C:\\Users\\ivich\\AppData\\Local\\Programs\\Python\\Python312\\Lib\\site-packages\\selenium\\webdriver\\remote\\webdriver.py\", line 347, in execute\n    self.error_handler.check_response(response)\n  File \"C:\\Users\\ivich\\AppData\\Local\\Programs\\Python\\Python312\\Lib\\site-packages\\selenium\\webdriver\\remote\\errorhandler.py\", line 229, in check_response\n    raise exception_class(message, screen, stacktrace)\n"}, "start": 1701299004775, "stop": 1701299004805}, {"name": "Then Verify Account is not Created", "status": "skipped", "start": 1701299004805, "stop": 1701299004805}, {"name": "And Close browser", "status": "skipped", "start": 1701299004805, "stop": 1701299004805}], "parameters": [{"name": "firstName", "value": "Alice"}, {"name": "lastName", "value": "Low"}, {"name": "email", "value": "invalid_mail2.com"}, {"name": "password", "value": "BLANK"}], "start": 1701298989797, "stop": 1701299004805, "uuid": "6dc0fe8b-b771-452b-90ff-02e271314572", "historyId": "ac739411c42c888f1431b5c40dd66884", "fullName": "Verify User Account Creation: Validate Invalid Form Submission", "labels": [{"name": "severity", "value": "normal"}, {"name": "feature", "value": "Verify User Account Creation"}, {"name": "framework", "value": "behave"}, {"name": "language", "value": "cpython3"}]}