{"name": "Validate Invalid Form Submission -- @1.3 ", "status": "broken", "statusDetails": {"message": "selenium.common.exceptions.InvalidSessionIdException: Message: invalid session id\nStacktrace:\n\tGetHandleVerifier [0x00007FF74AAC82B2+55298]\n\t(No symbol) [0x00007FF74AA35E02]\n\t(No symbol) [0x00007FF74A8F045D]\n\t(No symbol) [0x00007FF74A9261DD]\n\t(No symbol) [0x00007FF74A951FA2]\n\t(No symbol) [0x00007FF74A94DDE9]\n\t(No symbol) [0x00007FF74A94D766]\n\t(No symbol) [0x00007FF74A8C62F1]\n\tGetHandleVerifier [0x00007FF74AE40AAB+3694587]\n\tGetHandleVerifier [0x00007FF74AE9728E+4048862]\n\tGetHandleVerifier [0x00007FF74AE8F173+4015811]\n\tGetHandleVerifier [0x00007FF74AB647D6+695590]\n\t(No symbol) [0x00007FF74AA40CE8]\n\t(No symbol) [0x00007FF74A8C5157]\n\tGetHandleVerifier [0x00007FF74AED9818+4320616]\n\tBaseThreadInitThunk [0x00007FFD2644257D+29]\n\tRtlUserThreadStart [0x00007FFD2686AA58+40]\n\n", "trace": "  File \"C:\\Users\\ivich\\AppData\\Local\\Programs\\Python\\Python312\\Lib\\site-packages\\behave\\model.py\", line 1329, in run\n    match.run(runner.context)\n  File \"C:\\Users\\ivich\\AppData\\Local\\Programs\\Python\\Python312\\Lib\\site-packages\\behave\\matchers.py\", line 98, in run\n    self.func(context, *args, **kwargs)\n  File \"features\\steps\\register.py\", line 58, in step_impl\n    context.driver.close()\n  File \"C:\\Users\\ivich\\AppData\\Local\\Programs\\Python\\Python312\\Lib\\site-packages\\selenium\\webdriver\\remote\\webdriver.py\", line 458, in close\n    self.execute(Command.CLOSE)\n  File \"C:\\Users\\ivich\\AppData\\Local\\Programs\\Python\\Python312\\Lib\\site-packages\\selenium\\webdriver\\remote\\webdriver.py\", line 347, in execute\n    self.error_handler.check_response(response)\n  File \"C:\\Users\\ivich\\AppData\\Local\\Programs\\Python\\Python312\\Lib\\site-packages\\selenium\\webdriver\\remote\\errorhandler.py\", line 229, in check_response\n    raise exception_class(message, screen, stacktrace)\n"}, "steps": [{"name": "Given Chrome browser is Launched", "status": "passed", "start": 1701335616611, "stop": 1701335618106}, {"name": "When Open Toyster Register Account page", "status": "passed", "start": 1701335618106, "stop": 1701335621317}, {"name": "Then Input multiple \"Harry\" and \"Soh\" and \"invalid_mail.com\" and \"aValidPassword\"", "status": "passed", "start": 1701335621317, "stop": 1701335626885}, {"name": "And Click Create", "status": "passed", "start": 1701335626885, "stop": 1701335631973}, {"name": "Then Navigate to My Account Page", "status": "passed", "start": 1701335631973, "stop": 1701335632132}, {"name": "Then Verify Account is not Created", "status": "broken", "statusDetails": {"message": "selenium.common.exceptions.InvalidSessionIdException: Message: invalid session id\nStacktrace:\n\tGetHandleVerifier [0x00007FF74AAC82B2+55298]\n\t(No symbol) [0x00007FF74AA35E02]\n\t(No symbol) [0x00007FF74A8F045D]\n\t(No symbol) [0x00007FF74A9261DD]\n\t(No symbol) [0x00007FF74A951FA2]\n\t(No symbol) [0x00007FF74A94DDE9]\n\t(No symbol) [0x00007FF74A94D766]\n\t(No symbol) [0x00007FF74A8C62F1]\n\tGetHandleVerifier [0x00007FF74AE40AAB+3694587]\n\tGetHandleVerifier [0x00007FF74AE9728E+4048862]\n\tGetHandleVerifier [0x00007FF74AE8F173+4015811]\n\tGetHandleVerifier [0x00007FF74AB647D6+695590]\n\t(No symbol) [0x00007FF74AA40CE8]\n\t(No symbol) [0x00007FF74A8C5157]\n\tGetHandleVerifier [0x00007FF74AED9818+4320616]\n\tBaseThreadInitThunk [0x00007FFD2644257D+29]\n\tRtlUserThreadStart [0x00007FFD2686AA58+40]\n\n", "trace": "  File \"C:\\Users\\ivich\\AppData\\Local\\Programs\\Python\\Python312\\Lib\\site-packages\\behave\\model.py\", line 1329, in run\n    match.run(runner.context)\n  File \"C:\\Users\\ivich\\AppData\\Local\\Programs\\Python\\Python312\\Lib\\site-packages\\behave\\matchers.py\", line 98, in run\n    self.func(context, *args, **kwargs)\n  File \"features\\steps\\register.py\", line 58, in step_impl\n    context.driver.close()\n  File \"C:\\Users\\ivich\\AppData\\Local\\Programs\\Python\\Python312\\Lib\\site-packages\\selenium\\webdriver\\remote\\webdriver.py\", line 458, in close\n    self.execute(Command.CLOSE)\n  File \"C:\\Users\\ivich\\AppData\\Local\\Programs\\Python\\Python312\\Lib\\site-packages\\selenium\\webdriver\\remote\\webdriver.py\", line 347, in execute\n    self.error_handler.check_response(response)\n  File \"C:\\Users\\ivich\\AppData\\Local\\Programs\\Python\\Python312\\Lib\\site-packages\\selenium\\webdriver\\remote\\errorhandler.py\", line 229, in check_response\n    raise exception_class(message, screen, stacktrace)\n"}, "start": 1701335632132, "stop": 1701335632244}, {"name": "And Close Chrome browser", "status": "skipped", "start": 1701335632244, "stop": 1701335632244}], "parameters": [{"name": "firstName", "value": "Harry"}, {"name": "lastName", "value": "Soh"}, {"name": "email", "value": "invalid_mail.com"}, {"name": "password", "value": "aValidPassword"}], "start": 1701335616611, "stop": 1701335632244, "uuid": "882895c8-3bed-4a06-a753-eefa8520e450", "historyId": "25aea0b32d07538c819d393e87b809d8", "fullName": "Verify User Account Creation: Validate Invalid Form Submission", "labels": [{"name": "severity", "value": "normal"}, {"name": "feature", "value": "Verify User Account Creation"}, {"name": "framework", "value": "behave"}, {"name": "language", "value": "cpython3"}]}